2025-06-21 09:28:08,542 - httpx - INFO - HTTP Request: GET https://dagshub.com/api/v1/user "HTTP/1.1 200 OK"
2025-06-21 09:28:08,549 - dagshub - INFO - Accessing as deeeppraj
2025-06-21 09:28:09,049 - httpx - INFO - HTTP Request: GET https://dagshub.com/api/v1/repos/deeeppraj/NetworkSecurity "HTTP/1.1 200 OK"
2025-06-21 09:28:09,518 - httpx - INFO - HTTP Request: GET https://dagshub.com/api/v1/user "HTTP/1.1 200 OK"
2025-06-21 09:28:09,521 - dagshub - INFO - Initialized MLflow to track repo "deeeppraj/NetworkSecurity"
2025-06-21 09:28:09,523 - dagshub - INFO - Repository deeeppraj/NetworkSecurity initialized!
2025-06-21 09:28:09,590 - werkzeug - WARNING -  * Debugger is active!
2025-06-21 09:28:09,593 - werkzeug - INFO -  * Debugger PIN: 143-507-764
2025-06-21 09:28:09,641 - root - INFO - initiate data ingestion
2025-06-21 09:28:13,319 - root - INFO - performed train test split
2025-06-21 09:28:13,320 - root - INFO - Exporting train and test .csv
2025-06-21 09:28:13,383 - root - INFO - Created my train test.csv
2025-06-21 09:28:13,384 - root - INFO - data ingestion completed . generated data ingestion artifact ->DataIngestionArtifact(trained_file_path='artifacts\\06_21_2025_09_28_06\\data_ingestion\\ingested\\train.csv', test_file_path='artifacts\\06_21_2025_09_28_06\\data_ingestion\\ingested\\test.csv')
2025-06-21 09:28:13,384 - root - INFO - starting data validation
2025-06-21 09:28:13,464 - root - INFO - required no. of columns 2
2025-06-21 09:28:13,464 - root - INFO - data frame has no. of columns 31
2025-06-21 09:28:13,464 - root - INFO - required no. of columns 2
2025-06-21 09:28:13,464 - root - INFO - data frame has no. of columns 31
2025-06-21 09:28:13,708 - root - INFO - completed with DataValidationArtifact(validation_status=False, validated_train_file_path='artifacts\\06_21_2025_09_28_06\\data_ingestion\\ingested\\train.csv', validated_test_file_path='artifacts\\06_21_2025_09_28_06\\data_ingestion\\ingested\\test.csv', invalid_train_file_path=None, invalid_test_file_path=None, drift_report_file_path='artifacts\\06_21_2025_09_28_06\\data_validation\\drift_report\\report.yaml')
2025-06-21 09:28:13,709 - root - INFO - Initiating my data transformation processs
2025-06-21 09:28:13,709 - root - INFO - starting.....
2025-06-21 09:28:13,762 - root - INFO - read my train and test data as pandas dataframe
2025-06-21 09:28:13,766 - root - INFO - Entered to get null values
2025-06-21 09:28:13,766 - root - INFO - created my imputer pipeline with values as {'missing_values': nan, 'n_neighbors': 3, 'weights': 'uniform'}
2025-06-21 09:28:13,799 - root - INFO - saving my pikle file
2025-06-21 09:28:13,801 - root - INFO - pikle file saved
2025-06-21 09:28:13,802 - root - INFO - saving my pikle file
2025-06-21 09:28:13,806 - root - INFO - pikle file saved
2025-06-21 09:28:13,806 - root - INFO - saved my numpy array and my preprocessor.pkl file
2025-06-21 09:28:13,808 - root - INFO - completed data transformation DataTransformartifact(transformed_obj_file_path='artifacts\\06_21_2025_09_28_06\\data_transformation\\transformed_object\\preprocessing.pkl', transformed_train_file_path='artifacts\\06_21_2025_09_28_06\\data_transformation\\transformed\\train.npy', transformed_test_file_path='artifacts\\06_21_2025_09_28_06\\data_transformation\\transformed\\test.npy')
2025-06-21 09:28:55,619 - root - INFO - saving object in utils file
2025-06-21 09:28:55,678 - root - INFO - saving object in utils file
2025-06-21 09:28:55,720 - root - INFO - model trainer artifact ModelTrainerArtifact(trained_model_file_path='artifacts\\06_21_2025_09_28_06\\model_trainer\\trained_model\\model.pkl', trained_metric_artifact=ClassificationArtifact(f1_score=0.9915573186857899, precission_score=0.9888415500101441, recall_score=0.9942880456956344), test_metric_artifact=ClassificationArtifact(f1_score=0.9719034428175702, precission_score=0.9654088050314465, recall_score=0.9784860557768924))
2025-06-21 09:28:55,724 - root - INFO - completed model training ModelTrainerArtifact(trained_model_file_path='artifacts\\06_21_2025_09_28_06\\model_trainer\\trained_model\\model.pkl', trained_metric_artifact=ClassificationArtifact(f1_score=0.9915573186857899, precission_score=0.9888415500101441, recall_score=0.9942880456956344), test_metric_artifact=ClassificationArtifact(f1_score=0.9719034428175702, precission_score=0.9654088050314465, recall_score=0.9784860557768924))
2025-06-21 09:28:55,725 - werkzeug - INFO - 127.0.0.1 - - [21/Jun/2025 09:28:55] "GET /train HTTP/1.1" 200 -
2025-06-21 09:37:43,520 - werkzeug - INFO -  * Detected change in 'C:\\Users\\Deepraj\\Desktop\\Projects\\NetworkSecurity\\app.py', reloading
