2025-06-20 23:30:45,348 - httpx - INFO - HTTP Request: POST https://dagshub.com/login/oauth/middleman "HTTP/1.1 200 OK"
2025-06-20 23:30:45,819 - httpx - INFO - HTTP Request: POST https://dagshub.com/login/oauth/access_token "HTTP/1.1 200 OK"
2025-06-20 23:30:46,392 - httpx - INFO - HTTP Request: GET https://dagshub.com/api/v1/user "HTTP/1.1 200 OK"
2025-06-20 23:30:46,401 - dagshub - INFO - Accessing as deeeppraj
2025-06-20 23:30:47,104 - httpx - INFO - HTTP Request: GET https://dagshub.com/api/v1/repos/deeeppraj/NetworkSecurity "HTTP/1.1 200 OK"
2025-06-20 23:30:47,733 - httpx - INFO - HTTP Request: GET https://dagshub.com/api/v1/user "HTTP/1.1 200 OK"
2025-06-20 23:30:47,744 - dagshub - INFO - Initialized MLflow to track repo "deeeppraj/NetworkSecurity"
2025-06-20 23:30:47,746 - dagshub - INFO - Repository deeeppraj/NetworkSecurity initialized!
2025-06-20 23:30:47,747 - root - INFO - Initiating my ingestion process
2025-06-20 23:30:53,629 - root - INFO - performed train test split
2025-06-20 23:30:53,631 - root - INFO - Exporting train and test .csv
2025-06-20 23:30:53,894 - root - INFO - Created my train test.csv
2025-06-20 23:30:53,896 - root - INFO - Ingestion completed . starting data validation
2025-06-20 23:30:54,042 - root - INFO - required no. of columns 2
2025-06-20 23:30:54,043 - root - INFO - data frame has no. of columns 31
2025-06-20 23:30:54,043 - root - INFO - required no. of columns 2
2025-06-20 23:30:54,043 - root - INFO - data frame has no. of columns 31
2025-06-20 23:30:54,179 - root - INFO - data validation completed
2025-06-20 23:30:54,180 - root - INFO - Initiating my data transformation processs
2025-06-20 23:30:54,180 - root - INFO - starting.....
2025-06-20 23:30:54,205 - root - INFO - read my train and test data as pandas dataframe
2025-06-20 23:30:54,207 - root - INFO - Entered to get null values
2025-06-20 23:30:54,207 - root - INFO - created my imputer pipeline with values as {'missing_values': nan, 'n_neighbors': 3, 'weights': 'uniform'}
2025-06-20 23:30:54,228 - root - INFO - saving my pikle file
2025-06-20 23:30:54,231 - root - INFO - pikle file saved
2025-06-20 23:30:54,231 - root - INFO - saved my numpy array and my preprocessor.pkl file
2025-06-20 23:30:54,232 - root - INFO - starting model training ....
